<?xml version="1.0" encoding="UTF-8"?>
<!-- Generated by org.testng.reporters.JUnitReportReporter -->
<testsuite hostname="DESKTOP-M3ANAKJ" failures="0" tests="1" name="com.google.test.googleSearch" time="7.651" errors="0" timestamp="2024-06-05T14:38:37 AEST" skipped="0">
  <testcase classname="com.google.test.googleSearch" name="searchvalue" time="7.651"/>
</testsuite> <!-- com.google.test.googleSearch -->
